2019-11-07 10:27:22.305 [main] INFO  com.eason.api_member.ApiMemberApplication - Starting ApiMemberApplication on eason with PID 3064 (F:\AAAeason\api-member\target\classes started by Administrator in F:\AAAeason\api-member)
2019-11-07 10:27:22.318 [main] INFO  com.eason.api_member.ApiMemberApplication - No active profile set, falling back to default profiles: default
2019-11-07 10:27:24.464 [main] INFO  org.apache.coyote.http11.Http11NioProtocol - Initializing ProtocolHandler ["http-nio-8762"]
2019-11-07 10:27:24.465 [main] INFO  org.apache.catalina.core.StandardService - Starting service [Tomcat]
2019-11-07 10:27:24.465 [main] INFO  org.apache.catalina.core.StandardEngine - Starting Servlet engine: [Apache Tomcat/9.0.27]
2019-11-07 10:27:24.637 [main] INFO  org.apache.catalina.core.ContainerBase.[Tomcat].[localhost].[/] - Initializing Spring embedded WebApplicationContext
2019-11-07 10:27:26.270 [main] INFO  org.apache.coyote.http11.Http11NioProtocol - Starting ProtocolHandler ["http-nio-8762"]
2019-11-07 10:27:26.302 [main] INFO  com.eason.api_member.ApiMemberApplication - Started ApiMemberApplication in 5.093 seconds (JVM running for 11.39)
2019-11-07 10:28:21.112 [http-nio-8762-exec-1] INFO  org.apache.catalina.core.ContainerBase.[Tomcat].[localhost].[/] - Initializing Spring DispatcherServlet 'dispatcherServlet'
2019-11-07 10:28:52.593 [http-nio-8762-exec-4] INFO  com.eason.api_member.base.LogAspectServiceApi - ===============请求内容===============
2019-11-07 10:28:52.593 [http-nio-8762-exec-4] INFO  com.eason.api_member.base.LogAspectServiceApi - IP      : 0:0:0:0:0:0:0:1
2019-11-07 10:28:52.598 [http-nio-8762-exec-4] INFO  com.eason.api_member.base.LogAspectServiceApi - 请求地址:http://localhost:8762/member/findById
2019-11-07 10:28:52.598 [http-nio-8762-exec-4] INFO  com.eason.api_member.base.LogAspectServiceApi - 请求方式:GET
2019-11-07 10:28:52.601 [http-nio-8762-exec-4] INFO  com.eason.api_member.base.LogAspectServiceApi - 请求类方法:ResponseResult com.eason.api_member.api.controller.MemberController.getMember(Long)
2019-11-07 10:28:52.601 [http-nio-8762-exec-4] INFO  com.eason.api_member.base.LogAspectServiceApi - 请求类方法参数:[1]
2019-11-07 10:28:52.601 [http-nio-8762-exec-4] INFO  com.eason.api_member.base.LogAspectServiceApi - ===============请求内容===============
2019-11-07 10:28:52.637 [http-nio-8762-exec-4] ERROR com.alibaba.druid.pool.DruidDataSource - testWhileIdle is true, validationQuery not set
2019-11-07 10:28:52.648 [http-nio-8762-exec-4] INFO  com.alibaba.druid.pool.DruidDataSource - {dataSource-1} inited
2019-11-07 10:28:52.991 [http-nio-8762-exec-4] INFO  com.eason.api_member.base.LogAspectServiceApi - --------------返回内容----------------
2019-11-07 10:28:53.055 [http-nio-8762-exec-4] INFO  com.eason.api_member.base.LogAspectServiceApi - Response内容:{"code":200,"data":{"created":1428339835000,"email":"aa1@a","id":1,"password":"e10adc3949ba59abbe56e057f20f883e","phone":"15527339674","updated":1428339835000,"username":"yushengjun3"},"message":"success"}
2019-11-07 10:28:53.055 [http-nio-8762-exec-4] INFO  com.eason.api_member.base.LogAspectServiceApi - --------------返回内容----------------
2019-11-07 10:43:40.183 [main] INFO  com.eason.api_member.ApiMemberApplication - Starting ApiMemberApplication on eason with PID 2156 (F:\AAAeason\api-member\target\classes started by Administrator in F:\AAAeason\api-member)
2019-11-07 10:43:40.188 [main] INFO  com.eason.api_member.ApiMemberApplication - No active profile set, falling back to default profiles: default
2019-11-07 10:43:43.230 [main] INFO  org.apache.coyote.http11.Http11NioProtocol - Initializing ProtocolHandler ["http-nio-8762"]
2019-11-07 10:43:43.230 [main] INFO  org.apache.catalina.core.StandardService - Starting service [Tomcat]
2019-11-07 10:43:43.231 [main] INFO  org.apache.catalina.core.StandardEngine - Starting Servlet engine: [Apache Tomcat/9.0.27]
2019-11-07 10:43:43.385 [main] INFO  org.apache.catalina.core.ContainerBase.[Tomcat].[localhost].[/] - Initializing Spring embedded WebApplicationContext
2019-11-07 10:43:45.132 [main] INFO  org.apache.coyote.http11.Http11NioProtocol - Starting ProtocolHandler ["http-nio-8762"]
2019-11-07 10:43:45.167 [main] INFO  com.eason.api_member.ApiMemberApplication - Started ApiMemberApplication in 5.927 seconds (JVM running for 8.303)
2019-11-07 10:49:03.290 [main] INFO  com.eason.api_member.ApiMemberApplication - Starting ApiMemberApplication on eason with PID 6816 (F:\AAAeason\api-member\target\classes started by Administrator in F:\AAAeason\api-member)
2019-11-07 10:49:03.297 [main] INFO  com.eason.api_member.ApiMemberApplication - No active profile set, falling back to default profiles: default
2019-11-07 10:49:06.354 [main] INFO  org.apache.coyote.http11.Http11NioProtocol - Initializing ProtocolHandler ["http-nio-8762"]
2019-11-07 10:49:06.355 [main] INFO  org.apache.catalina.core.StandardService - Starting service [Tomcat]
2019-11-07 10:49:06.355 [main] INFO  org.apache.catalina.core.StandardEngine - Starting Servlet engine: [Apache Tomcat/9.0.27]
2019-11-07 10:49:06.482 [main] INFO  org.apache.catalina.core.ContainerBase.[Tomcat].[localhost].[/] - Initializing Spring embedded WebApplicationContext
2019-11-07 10:49:08.495 [main] INFO  org.apache.coyote.http11.Http11NioProtocol - Starting ProtocolHandler ["http-nio-8762"]
2019-11-07 10:49:08.530 [main] INFO  com.eason.api_member.ApiMemberApplication - Started ApiMemberApplication in 6.582 seconds (JVM running for 8.911)
2019-11-07 10:49:55.872 [http-nio-8762-exec-1] INFO  org.apache.catalina.core.ContainerBase.[Tomcat].[localhost].[/] - Initializing Spring DispatcherServlet 'dispatcherServlet'
2019-11-07 10:49:56.014 [http-nio-8762-exec-1] WARN  org.springframework.web.servlet.mvc.support.DefaultHandlerExceptionResolver - Resolved [org.springframework.http.converter.HttpMessageNotReadableException: Required request body is missing: public com.eason.api_member.base.ResponseResult com.eason.api_member.api.controller.MemberController.registerUser(com.eason.api_member.entity.UserEntity)]
2019-11-07 10:51:18.384 [http-nio-8762-exec-3] INFO  com.eason.api_member.base.LogAspectServiceApi - ===============请求内容===============
2019-11-07 10:51:18.384 [http-nio-8762-exec-3] INFO  com.eason.api_member.base.LogAspectServiceApi - IP      : 0:0:0:0:0:0:0:1
2019-11-07 10:51:18.386 [http-nio-8762-exec-3] INFO  com.eason.api_member.base.LogAspectServiceApi - 请求地址:http://localhost:8762/member/register
2019-11-07 10:51:18.386 [http-nio-8762-exec-3] INFO  com.eason.api_member.base.LogAspectServiceApi - 请求方式:POST
2019-11-07 10:51:18.388 [http-nio-8762-exec-3] INFO  com.eason.api_member.base.LogAspectServiceApi - 请求类方法:ResponseResult com.eason.api_member.api.controller.MemberController.registerUser(UserEntity)
2019-11-07 10:51:18.388 [http-nio-8762-exec-3] INFO  com.eason.api_member.base.LogAspectServiceApi - 请求类方法参数:[com.eason.api_member.entity.UserEntity@3297239b]
2019-11-07 10:51:18.388 [http-nio-8762-exec-3] INFO  com.eason.api_member.base.LogAspectServiceApi - ===============请求内容===============
2019-11-07 10:51:18.498 [http-nio-8762-exec-3] ERROR com.alibaba.druid.pool.DruidDataSource - testWhileIdle is true, validationQuery not set
2019-11-07 10:51:18.507 [http-nio-8762-exec-3] INFO  com.alibaba.druid.pool.DruidDataSource - {dataSource-1} inited
2019-11-07 10:51:18.896 [http-nio-8762-exec-3] ERROR org.apache.catalina.core.ContainerBase.[Tomcat].[localhost].[/].[dispatcherServlet] - Servlet.service() for servlet [dispatcherServlet] in context with path [] threw exception [Request processing failed; nested exception is org.springframework.dao.DataIntegrityViolationException: 
### Error updating database.  Cause: java.sql.SQLIntegrityConstraintViolationException: Column 'created' cannot be null
### The error may involve com.eason.api_member.api.dao.UserDao.insertUser-Inline
### The error occurred while setting parameters
### SQL: INSERT  INTO `mb_user`  (username,password,phone,email,created,updated) VALUES (?, ?,?,?,?,?);
### Cause: java.sql.SQLIntegrityConstraintViolationException: Column 'created' cannot be null
; Column 'created' cannot be null; nested exception is java.sql.SQLIntegrityConstraintViolationException: Column 'created' cannot be null] with root cause
java.sql.SQLIntegrityConstraintViolationException: Column 'created' cannot be null
	at com.mysql.cj.jdbc.exceptions.SQLError.createSQLException(SQLError.java:117)
	at com.mysql.cj.jdbc.exceptions.SQLError.createSQLException(SQLError.java:97)
	at com.mysql.cj.jdbc.exceptions.SQLExceptionsMapping.translateException(SQLExceptionsMapping.java:122)
	at com.mysql.cj.jdbc.ClientPreparedStatement.executeInternal(ClientPreparedStatement.java:953)
	at com.mysql.cj.jdbc.ClientPreparedStatement.execute(ClientPreparedStatement.java:370)
	at com.alibaba.druid.pool.DruidPooledPreparedStatement.execute(DruidPooledPreparedStatement.java:493)
	at org.apache.ibatis.executor.statement.PreparedStatementHandler.update(PreparedStatementHandler.java:46)
	at org.apache.ibatis.executor.statement.RoutingStatementHandler.update(RoutingStatementHandler.java:74)
	at org.apache.ibatis.executor.SimpleExecutor.doUpdate(SimpleExecutor.java:50)
	at org.apache.ibatis.executor.BaseExecutor.update(BaseExecutor.java:117)
	at org.apache.ibatis.executor.CachingExecutor.update(CachingExecutor.java:76)
	at org.apache.ibatis.session.defaults.DefaultSqlSession.update(DefaultSqlSession.java:198)
	at org.apache.ibatis.session.defaults.DefaultSqlSession.insert(DefaultSqlSession.java:185)
	at sun.reflect.NativeMethodAccessorImpl.invoke0(Native Method)
	at sun.reflect.NativeMethodAccessorImpl.invoke(NativeMethodAccessorImpl.java:62)
	at sun.reflect.DelegatingMethodAccessorImpl.invoke(DelegatingMethodAccessorImpl.java:43)
	at java.lang.reflect.Method.invoke(Method.java:498)
	at org.mybatis.spring.SqlSessionTemplate$SqlSessionInterceptor.invoke(SqlSessionTemplate.java:433)
	at com.sun.proxy.$Proxy81.insert(Unknown Source)
	at org.mybatis.spring.SqlSessionTemplate.insert(SqlSessionTemplate.java:278)
	at org.apache.ibatis.binding.MapperMethod.execute(MapperMethod.java:57)
	at org.apache.ibatis.binding.MapperProxy.invoke(MapperProxy.java:59)
	at com.sun.proxy.$Proxy85.insertUser(Unknown Source)
	at com.eason.api_member.api.service.impl.MemberServiceImpl.addUser(MemberServiceImpl.java:27)
	at com.eason.api_member.api.controller.MemberController.registerUser(MemberController.java:39)
	at com.eason.api_member.api.controller.MemberController$$FastClassBySpringCGLIB$$7a1adcea.invoke(<generated>)
	at org.springframework.cglib.proxy.MethodProxy.invoke(MethodProxy.java:218)
	at org.springframework.aop.framework.CglibAopProxy$CglibMethodInvocation.invokeJoinpoint(CglibAopProxy.java:769)
	at org.springframework.aop.framework.ReflectiveMethodInvocation.proceed(ReflectiveMethodInvocation.java:163)
	at org.springframework.aop.framework.CglibAopProxy$CglibMethodInvocation.proceed(CglibAopProxy.java:747)
	at org.springframework.aop.framework.adapter.MethodBeforeAdviceInterceptor.invoke(MethodBeforeAdviceInterceptor.java:56)
	at org.springframework.aop.framework.ReflectiveMethodInvocation.proceed(ReflectiveMethodInvocation.java:186)
	at org.springframework.aop.framework.CglibAopProxy$CglibMethodInvocation.proceed(CglibAopProxy.java:747)
	at org.springframework.aop.framework.adapter.AfterReturningAdviceInterceptor.invoke(AfterReturningAdviceInterceptor.java:55)
	at org.springframework.aop.framework.ReflectiveMethodInvocation.proceed(ReflectiveMethodInvocation.java:186)
	at org.springframework.aop.framework.CglibAopProxy$CglibMethodInvocation.proceed(CglibAopProxy.java:747)
	at org.springframework.aop.interceptor.ExposeInvocationInterceptor.invoke(ExposeInvocationInterceptor.java:93)
	at org.springframework.aop.framework.ReflectiveMethodInvocation.proceed(ReflectiveMethodInvocation.java:186)
	at org.springframework.aop.framework.CglibAopProxy$CglibMethodInvocation.proceed(CglibAopProxy.java:747)
	at org.springframework.aop.framework.CglibAopProxy$DynamicAdvisedInterceptor.intercept(CglibAopProxy.java:689)
	at com.eason.api_member.api.controller.MemberController$$EnhancerBySpringCGLIB$$7fdd1cdb.registerUser(<generated>)
	at sun.reflect.NativeMethodAccessorImpl.invoke0(Native Method)
	at sun.reflect.NativeMethodAccessorImpl.invoke(NativeMethodAccessorImpl.java:62)
	at sun.reflect.DelegatingMethodAccessorImpl.invoke(DelegatingMethodAccessorImpl.java:43)
	at java.lang.reflect.Method.invoke(Method.java:498)
	at org.springframework.web.method.support.InvocableHandlerMethod.doInvoke(InvocableHandlerMethod.java:190)
	at org.springframework.web.method.support.InvocableHandlerMethod.invokeForRequest(InvocableHandlerMethod.java:138)
	at org.springframework.web.servlet.mvc.method.annotation.ServletInvocableHandlerMethod.invokeAndHandle(ServletInvocableHandlerMethod.java:106)
	at org.springframework.web.servlet.mvc.method.annotation.RequestMappingHandlerAdapter.invokeHandlerMethod(RequestMappingHandlerAdapter.java:888)
	at org.springframework.web.servlet.mvc.method.annotation.RequestMappingHandlerAdapter.handleInternal(RequestMappingHandlerAdapter.java:793)
	at org.springframework.web.servlet.mvc.method.AbstractHandlerMethodAdapter.handle(AbstractHandlerMethodAdapter.java:87)
	at org.springframework.web.servlet.DispatcherServlet.doDispatch(DispatcherServlet.java:1040)
	at org.springframework.web.servlet.DispatcherServlet.doService(DispatcherServlet.java:943)
	at org.springframework.web.servlet.FrameworkServlet.processRequest(FrameworkServlet.java:1006)
	at org.springframework.web.servlet.FrameworkServlet.doPost(FrameworkServlet.java:909)
	at javax.servlet.http.HttpServlet.service(HttpServlet.java:660)
	at org.springframework.web.servlet.FrameworkServlet.service(FrameworkServlet.java:883)
	at javax.servlet.http.HttpServlet.service(HttpServlet.java:741)
	at org.apache.catalina.core.ApplicationFilterChain.internalDoFilter(ApplicationFilterChain.java:231)
	at org.apache.catalina.core.ApplicationFilterChain.doFilter(ApplicationFilterChain.java:166)
	at org.apache.tomcat.websocket.server.WsFilter.doFilter(WsFilter.java:53)
	at org.apache.catalina.core.ApplicationFilterChain.internalDoFilter(ApplicationFilterChain.java:193)
	at org.apache.catalina.core.ApplicationFilterChain.doFilter(ApplicationFilterChain.java:166)
	at org.springframework.web.filter.RequestContextFilter.doFilterInternal(RequestContextFilter.java:100)
	at org.springframework.web.filter.OncePerRequestFilter.doFilter(OncePerRequestFilter.java:119)
	at org.apache.catalina.core.ApplicationFilterChain.internalDoFilter(ApplicationFilterChain.java:193)
	at org.apache.catalina.core.ApplicationFilterChain.doFilter(ApplicationFilterChain.java:166)
	at org.springframework.web.filter.FormContentFilter.doFilterInternal(FormContentFilter.java:93)
	at org.springframework.web.filter.OncePerRequestFilter.doFilter(OncePerRequestFilter.java:119)
	at org.apache.catalina.core.ApplicationFilterChain.internalDoFilter(ApplicationFilterChain.java:193)
	at org.apache.catalina.core.ApplicationFilterChain.doFilter(ApplicationFilterChain.java:166)
	at org.springframework.web.filter.CharacterEncodingFilter.doFilterInternal(CharacterEncodingFilter.java:201)
	at org.springframework.web.filter.OncePerRequestFilter.doFilter(OncePerRequestFilter.java:119)
	at org.apache.catalina.core.ApplicationFilterChain.internalDoFilter(ApplicationFilterChain.java:193)
	at org.apache.catalina.core.ApplicationFilterChain.doFilter(ApplicationFilterChain.java:166)
	at org.apache.catalina.core.StandardWrapperValve.invoke(StandardWrapperValve.java:202)
	at org.apache.catalina.core.StandardContextValve.invoke(StandardContextValve.java:96)
	at org.apache.catalina.authenticator.AuthenticatorBase.invoke(AuthenticatorBase.java:526)
	at org.apache.catalina.core.StandardHostValve.invoke(StandardHostValve.java:139)
	at org.apache.catalina.valves.ErrorReportValve.invoke(ErrorReportValve.java:92)
	at org.apache.catalina.core.StandardEngineValve.invoke(StandardEngineValve.java:74)
	at org.apache.catalina.connector.CoyoteAdapter.service(CoyoteAdapter.java:343)
	at org.apache.coyote.http11.Http11Processor.service(Http11Processor.java:408)
	at org.apache.coyote.AbstractProcessorLight.process(AbstractProcessorLight.java:66)
	at org.apache.coyote.AbstractProtocol$ConnectionHandler.process(AbstractProtocol.java:861)
	at org.apache.tomcat.util.net.NioEndpoint$SocketProcessor.doRun(NioEndpoint.java:1579)
	at org.apache.tomcat.util.net.SocketProcessorBase.run(SocketProcessorBase.java:49)
	at java.util.concurrent.ThreadPoolExecutor.runWorker(ThreadPoolExecutor.java:1142)
	at java.util.concurrent.ThreadPoolExecutor$Worker.run(ThreadPoolExecutor.java:617)
	at org.apache.tomcat.util.threads.TaskThread$WrappingRunnable.run(TaskThread.java:61)
	at java.lang.Thread.run(Thread.java:748)
2019-11-07 10:51:54.670 [http-nio-8762-exec-4] INFO  com.eason.api_member.base.LogAspectServiceApi - ===============请求内容===============
2019-11-07 10:51:54.671 [http-nio-8762-exec-4] INFO  com.eason.api_member.base.LogAspectServiceApi - IP      : 0:0:0:0:0:0:0:1
2019-11-07 10:51:54.671 [http-nio-8762-exec-4] INFO  com.eason.api_member.base.LogAspectServiceApi - 请求地址:http://localhost:8762/member/register
2019-11-07 10:51:54.671 [http-nio-8762-exec-4] INFO  com.eason.api_member.base.LogAspectServiceApi - 请求方式:POST
2019-11-07 10:51:54.671 [http-nio-8762-exec-4] INFO  com.eason.api_member.base.LogAspectServiceApi - 请求类方法:ResponseResult com.eason.api_member.api.controller.MemberController.registerUser(UserEntity)
2019-11-07 10:51:54.671 [http-nio-8762-exec-4] INFO  com.eason.api_member.base.LogAspectServiceApi - 请求类方法参数:[com.eason.api_member.entity.UserEntity@6e1d7574]
2019-11-07 10:51:54.671 [http-nio-8762-exec-4] INFO  com.eason.api_member.base.LogAspectServiceApi - ===============请求内容===============
2019-11-07 10:51:54.743 [http-nio-8762-exec-4] INFO  com.eason.api_member.base.LogAspectServiceApi - --------------返回内容----------------
2019-11-07 10:51:54.802 [http-nio-8762-exec-4] INFO  com.eason.api_member.base.LogAspectServiceApi - Response内容:{"code":200,"message":"注册成功"}
2019-11-07 10:51:54.802 [http-nio-8762-exec-4] INFO  com.eason.api_member.base.LogAspectServiceApi - --------------返回内容----------------
